三月 13, 2019 11:28:01 上午 org.apache.catalina.startup.VersionLoggerListener log
信息: Server version:        Apache Tomcat/7.0.92
三月 13, 2019 11:28:01 上午 org.apache.catalina.startup.VersionLoggerListener log
信息: Server built:          Nov 9 2018 11:07:44 UTC
三月 13, 2019 11:28:01 上午 org.apache.catalina.startup.VersionLoggerListener log
信息: Server number:         7.0.92.0
三月 13, 2019 11:28:01 上午 org.apache.catalina.startup.VersionLoggerListener log
信息: OS Name:               Windows 10
三月 13, 2019 11:28:01 上午 org.apache.catalina.startup.VersionLoggerListener log
信息: OS Version:            10.0
三月 13, 2019 11:28:01 上午 org.apache.catalina.startup.VersionLoggerListener log
信息: Architecture:          amd64
三月 13, 2019 11:28:01 上午 org.apache.catalina.startup.VersionLoggerListener log
信息: Java Home:             C:\Program Files\Java\jdk1.8.0_181\jre
三月 13, 2019 11:28:01 上午 org.apache.catalina.startup.VersionLoggerListener log
信息: JVM Version:           1.8.0_181-b13
三月 13, 2019 11:28:01 上午 org.apache.catalina.startup.VersionLoggerListener log
信息: JVM Vendor:            Oracle Corporation
三月 13, 2019 11:28:01 上午 org.apache.catalina.startup.VersionLoggerListener log
信息: CATALINA_BASE:         E:\apache-tomcat-7.0.92
三月 13, 2019 11:28:01 上午 org.apache.catalina.startup.VersionLoggerListener log
信息: CATALINA_HOME:         E:\apache-tomcat-7.0.92
三月 13, 2019 11:28:01 上午 org.apache.catalina.startup.VersionLoggerListener log
信息: Command line argument: -Djava.util.logging.config.file=E:\apache-tomcat-7.0.92\conf\logging.properties
三月 13, 2019 11:28:01 上午 org.apache.catalina.startup.VersionLoggerListener log
信息: Command line argument: -Djava.util.logging.manager=org.apache.juli.ClassLoaderLogManager
三月 13, 2019 11:28:01 上午 org.apache.catalina.startup.VersionLoggerListener log
信息: Command line argument: -Djdk.tls.ephemeralDHKeySize=2048
三月 13, 2019 11:28:01 上午 org.apache.catalina.startup.VersionLoggerListener log
信息: Command line argument: -Dignore.endorsed.dirs=
三月 13, 2019 11:28:01 上午 org.apache.catalina.startup.VersionLoggerListener log
信息: Command line argument: -Dcatalina.base=E:\apache-tomcat-7.0.92
三月 13, 2019 11:28:01 上午 org.apache.catalina.startup.VersionLoggerListener log
信息: Command line argument: -Dcatalina.home=E:\apache-tomcat-7.0.92
三月 13, 2019 11:28:01 上午 org.apache.catalina.startup.VersionLoggerListener log
信息: Command line argument: -Djava.io.tmpdir=E:\apache-tomcat-7.0.92\temp
三月 13, 2019 11:28:01 上午 org.apache.catalina.core.AprLifecycleListener lifecycleEvent
信息: The APR based Apache Tomcat Native library which allows optimal performance in production environments was not found on the java.library.path: C:\Program Files\Java\jdk1.8.0_181\bin;C:\WINDOWS\Sun\Java\bin;C:\WINDOWS\system32;C:\WINDOWS;C:\Program Files (x86)\Common Files\Oracle\Java\javapath;C:\WINDOWS\system32;C:\WINDOWS;C:\WINDOWS\System32\Wbem;C:\WINDOWS\System32\WindowsPowerShell\v1.0\;C:\Program Files\Java\jdk1.8.0_181\bin;C:\Program Files (x86)\AMD\ATI.ACE\Core-Static;C:\WINDOWS\System32\OpenSSH\;E:\Program Files\MySQL\MySQL Server 5.5\bin;C:\Users\zp\AppData\Local\Microsoft\WindowsApps;C:\Users\zp\AppData\Local\GitHubDesktop\bin;%USERPROFILE%\AppData\Local\Microsoft\WindowsApps;;E:\Fiddler;.
三月 13, 2019 11:28:02 上午 org.apache.coyote.AbstractProtocol init
信息: Initializing ProtocolHandler ["http-bio-8080"]
三月 13, 2019 11:28:02 上午 org.apache.coyote.AbstractProtocol init
信息: Initializing ProtocolHandler ["ajp-bio-8009"]
三月 13, 2019 11:28:02 上午 org.apache.catalina.startup.Catalina load
信息: Initialization processed in 681 ms
三月 13, 2019 11:28:02 上午 org.apache.catalina.core.StandardService startInternal
信息: Starting service Catalina
三月 13, 2019 11:28:02 上午 org.apache.catalina.core.StandardEngine startInternal
信息: Starting Servlet Engine: Apache Tomcat/7.0.92
三月 13, 2019 11:28:02 上午 org.apache.catalina.startup.TldConfig execute
信息: At least one JAR was scanned for TLDs yet contained no TLDs. Enable debug logging for this logger for a complete list of JARs that were scanned but no TLDs were found in them. Skipping unneeded JARs during scanning can improve startup time and JSP compilation time.
三月 13, 2019 11:28:02 上午 org.apache.catalina.startup.HostConfig deployDirectory
信息: Deploying web application directory E:\apache-tomcat-7.0.92\webapps\docs
三月 13, 2019 11:28:02 上午 org.apache.catalina.startup.HostConfig deployDirectory
信息: Deployment of web application directory E:\apache-tomcat-7.0.92\webapps\docs has finished in 33 ms
三月 13, 2019 11:28:02 上午 org.apache.catalina.startup.HostConfig deployDirectory
信息: Deploying web application directory E:\apache-tomcat-7.0.92\webapps\examples
三月 13, 2019 11:28:02 上午 org.apache.catalina.startup.HostConfig deployDirectory
信息: Deployment of web application directory E:\apache-tomcat-7.0.92\webapps\examples has finished in 172 ms
三月 13, 2019 11:28:02 上午 org.apache.catalina.startup.HostConfig deployDirectory
信息: Deploying web application directory E:\apache-tomcat-7.0.92\webapps\host-manager
三月 13, 2019 11:28:02 上午 org.apache.catalina.startup.HostConfig deployDirectory
信息: Deployment of web application directory E:\apache-tomcat-7.0.92\webapps\host-manager has finished in 38 ms
三月 13, 2019 11:28:02 上午 org.apache.catalina.startup.HostConfig deployDirectory
信息: Deploying web application directory E:\apache-tomcat-7.0.92\webapps\mail
三月 13, 2019 11:28:03 上午 org.apache.catalina.startup.HostConfig deployDirectory
信息: Deployment of web application directory E:\apache-tomcat-7.0.92\webapps\mail has finished in 30 ms
三月 13, 2019 11:28:03 上午 org.apache.catalina.startup.HostConfig deployDirectory
信息: Deploying web application directory E:\apache-tomcat-7.0.92\webapps\manager
三月 13, 2019 11:28:03 上午 org.apache.catalina.startup.HostConfig deployDirectory
信息: Deployment of web application directory E:\apache-tomcat-7.0.92\webapps\manager has finished in 31 ms
三月 13, 2019 11:28:03 上午 org.apache.catalina.startup.HostConfig deployDirectory
信息: Deploying web application directory E:\apache-tomcat-7.0.92\webapps\ROOT
三月 13, 2019 11:28:03 上午 org.apache.catalina.startup.HostConfig deployDirectory
信息: Deployment of web application directory E:\apache-tomcat-7.0.92\webapps\ROOT has finished in 30 ms
三月 13, 2019 11:28:03 上午 org.apache.coyote.AbstractProtocol start
信息: Starting ProtocolHandler ["http-bio-8080"]
三月 13, 2019 11:28:03 上午 org.apache.coyote.AbstractProtocol start
信息: Starting ProtocolHandler ["ajp-bio-8009"]
三月 13, 2019 11:28:03 上午 org.apache.catalina.startup.Catalina start
信息: Server startup in 943 ms
三月 13, 2019 11:28:07 上午 com.mchange.v2.log.MLog <clinit>
信息: MLog clients using java 1.4+ standard logging.
三月 13, 2019 11:28:07 上午 com.mchange.v2.c3p0.C3P0Registry banner
信息: Initializing c3p0-0.9.1.2 [built 21-May-2007 15:04:56; debug? true; trace: 10]
三月 13, 2019 11:28:07 上午 com.mchange.v2.c3p0.impl.AbstractPoolBackedDataSource getPoolManager
信息: Initializing c3p0 pool... com.mchange.v2.c3p0.ComboPooledDataSource [ acquireIncrement -> 3, acquireRetryAttempts -> 30, acquireRetryDelay -> 1000, autoCommitOnClose -> false, automaticTestTable -> null, breakAfterAcquireFailure -> false, checkoutTimeout -> 0, connectionCustomizerClassName -> null, connectionTesterClassName -> com.mchange.v2.c3p0.impl.DefaultConnectionTester, dataSourceName -> 1bqzxexa1whlx4n1p5koie|2d094dad, debugUnreturnedConnectionStackTraces -> false, description -> null, driverClass -> com.mysql.jdbc.Driver, factoryClassLocation -> null, forceIgnoreUnresolvedTransactions -> false, identityToken -> 1bqzxexa1whlx4n1p5koie|2d094dad, idleConnectionTestPeriod -> 0, initialPoolSize -> 10, jdbcUrl -> jdbc:mysql://localhost/stus, maxAdministrativeTaskTime -> 0, maxConnectionAge -> 0, maxIdleTime -> 30, maxIdleTimeExcessConnections -> 0, maxPoolSize -> 100, maxStatements -> 200, maxStatementsPerConnection -> 0, minPoolSize -> 10, numHelperThreads -> 3, numThreadsAwaitingCheckoutDefaultUser -> 0, preferredTestQuery -> null, properties -> {user=******, password=******}, propertyCycle -> 0, testConnectionOnCheckin -> false, testConnectionOnCheckout -> false, unreturnedConnectionTimeout -> 0, usesTraditionalReflectiveProxies -> false ]
三月 13, 2019 11:30:26 上午 org.apache.catalina.startup.VersionLoggerListener log
信息: Server version:        Apache Tomcat/7.0.92
三月 13, 2019 11:30:26 上午 org.apache.catalina.startup.VersionLoggerListener log
信息: Server built:          Nov 9 2018 11:07:44 UTC
三月 13, 2019 11:30:26 上午 org.apache.catalina.startup.VersionLoggerListener log
信息: Server number:         7.0.92.0
三月 13, 2019 11:30:26 上午 org.apache.catalina.startup.VersionLoggerListener log
信息: OS Name:               Windows 10
三月 13, 2019 11:30:26 上午 org.apache.catalina.startup.VersionLoggerListener log
信息: OS Version:            10.0
三月 13, 2019 11:30:26 上午 org.apache.catalina.startup.VersionLoggerListener log
信息: Architecture:          amd64
三月 13, 2019 11:30:26 上午 org.apache.catalina.startup.VersionLoggerListener log
信息: Java Home:             C:\Program Files\Java\jdk1.8.0_181\jre
三月 13, 2019 11:30:26 上午 org.apache.catalina.startup.VersionLoggerListener log
信息: JVM Version:           1.8.0_181-b13
三月 13, 2019 11:30:26 上午 org.apache.catalina.startup.VersionLoggerListener log
信息: JVM Vendor:            Oracle Corporation
三月 13, 2019 11:30:26 上午 org.apache.catalina.startup.VersionLoggerListener log
信息: CATALINA_BASE:         E:\apache-tomcat-7.0.92
三月 13, 2019 11:30:26 上午 org.apache.catalina.startup.VersionLoggerListener log
信息: CATALINA_HOME:         E:\apache-tomcat-7.0.92
三月 13, 2019 11:30:26 上午 org.apache.catalina.startup.VersionLoggerListener log
信息: Command line argument: -Djava.util.logging.config.file=E:\apache-tomcat-7.0.92\conf\logging.properties
三月 13, 2019 11:30:26 上午 org.apache.catalina.startup.VersionLoggerListener log
信息: Command line argument: -Djava.util.logging.manager=org.apache.juli.ClassLoaderLogManager
三月 13, 2019 11:30:26 上午 org.apache.catalina.startup.VersionLoggerListener log
信息: Command line argument: -Djdk.tls.ephemeralDHKeySize=2048
三月 13, 2019 11:30:26 上午 org.apache.catalina.startup.VersionLoggerListener log
信息: Command line argument: -Dignore.endorsed.dirs=
三月 13, 2019 11:30:26 上午 org.apache.catalina.startup.VersionLoggerListener log
信息: Command line argument: -Dcatalina.base=E:\apache-tomcat-7.0.92
三月 13, 2019 11:30:26 上午 org.apache.catalina.startup.VersionLoggerListener log
信息: Command line argument: -Dcatalina.home=E:\apache-tomcat-7.0.92
三月 13, 2019 11:30:26 上午 org.apache.catalina.startup.VersionLoggerListener log
信息: Command line argument: -Djava.io.tmpdir=E:\apache-tomcat-7.0.92\temp
三月 13, 2019 11:30:26 上午 org.apache.catalina.core.AprLifecycleListener lifecycleEvent
信息: The APR based Apache Tomcat Native library which allows optimal performance in production environments was not found on the java.library.path: C:\Program Files\Java\jdk1.8.0_181\bin;C:\WINDOWS\Sun\Java\bin;C:\WINDOWS\system32;C:\WINDOWS;C:\Program Files (x86)\Common Files\Oracle\Java\javapath;C:\WINDOWS\system32;C:\WINDOWS;C:\WINDOWS\System32\Wbem;C:\WINDOWS\System32\WindowsPowerShell\v1.0\;C:\Program Files\Java\jdk1.8.0_181\bin;C:\Program Files (x86)\AMD\ATI.ACE\Core-Static;C:\WINDOWS\System32\OpenSSH\;E:\Program Files\MySQL\MySQL Server 5.5\bin;C:\Users\zp\AppData\Local\Microsoft\WindowsApps;C:\Users\zp\AppData\Local\GitHubDesktop\bin;%USERPROFILE%\AppData\Local\Microsoft\WindowsApps;;E:\Fiddler;.
三月 13, 2019 11:30:26 上午 org.apache.coyote.AbstractProtocol init
信息: Initializing ProtocolHandler ["http-bio-8080"]
三月 13, 2019 11:30:26 上午 org.apache.coyote.AbstractProtocol init
信息: Initializing ProtocolHandler ["ajp-bio-8009"]
三月 13, 2019 11:30:26 上午 org.apache.catalina.startup.Catalina load
信息: Initialization processed in 453 ms
三月 13, 2019 11:30:26 上午 org.apache.catalina.core.StandardService startInternal
信息: Starting service Catalina
三月 13, 2019 11:30:26 上午 org.apache.catalina.core.StandardEngine startInternal
信息: Starting Servlet Engine: Apache Tomcat/7.0.92
三月 13, 2019 11:30:26 上午 org.apache.catalina.startup.HostConfig deployDirectory
信息: Deploying web application directory E:\apache-tomcat-7.0.92\webapps\docs
三月 13, 2019 11:30:27 上午 org.apache.catalina.startup.HostConfig deployDirectory
信息: Deployment of web application directory E:\apache-tomcat-7.0.92\webapps\docs has finished in 279 ms
三月 13, 2019 11:30:27 上午 org.apache.catalina.startup.HostConfig deployDirectory
信息: Deploying web application directory E:\apache-tomcat-7.0.92\webapps\examples
三月 13, 2019 11:30:27 上午 org.apache.catalina.startup.HostConfig deployDirectory
信息: Deployment of web application directory E:\apache-tomcat-7.0.92\webapps\examples has finished in 175 ms
三月 13, 2019 11:30:27 上午 org.apache.catalina.startup.HostConfig deployDirectory
信息: Deploying web application directory E:\apache-tomcat-7.0.92\webapps\host-manager
三月 13, 2019 11:30:27 上午 org.apache.catalina.startup.HostConfig deployDirectory
信息: Deployment of web application directory E:\apache-tomcat-7.0.92\webapps\host-manager has finished in 40 ms
三月 13, 2019 11:30:27 上午 org.apache.catalina.startup.HostConfig deployDirectory
信息: Deploying web application directory E:\apache-tomcat-7.0.92\webapps\mail
三月 13, 2019 11:30:27 上午 org.apache.catalina.startup.HostConfig deployDirectory
信息: Deployment of web application directory E:\apache-tomcat-7.0.92\webapps\mail has finished in 47 ms
三月 13, 2019 11:30:27 上午 org.apache.catalina.startup.HostConfig deployDirectory
信息: Deploying web application directory E:\apache-tomcat-7.0.92\webapps\manager
三月 13, 2019 11:30:27 上午 org.apache.catalina.startup.HostConfig deployDirectory
信息: Deployment of web application directory E:\apache-tomcat-7.0.92\webapps\manager has finished in 36 ms
三月 13, 2019 11:30:27 上午 org.apache.catalina.startup.HostConfig deployDirectory
信息: Deploying web application directory E:\apache-tomcat-7.0.92\webapps\ROOT
三月 13, 2019 11:30:27 上午 org.apache.catalina.startup.HostConfig deployDirectory
信息: Deployment of web application directory E:\apache-tomcat-7.0.92\webapps\ROOT has finished in 27 ms
三月 13, 2019 11:30:27 上午 org.apache.catalina.startup.HostConfig deployDirectory
信息: Deploying web application directory E:\apache-tomcat-7.0.92\webapps\stu
三月 13, 2019 11:30:27 上午 org.apache.catalina.startup.TldConfig execute
信息: At least one JAR was scanned for TLDs yet contained no TLDs. Enable debug logging for this logger for a complete list of JARs that were scanned but no TLDs were found in them. Skipping unneeded JARs during scanning can improve startup time and JSP compilation time.
三月 13, 2019 11:30:27 上午 org.apache.catalina.startup.HostConfig deployDirectory
信息: Deployment of web application directory E:\apache-tomcat-7.0.92\webapps\stu has finished in 200 ms
三月 13, 2019 11:30:27 上午 org.apache.coyote.AbstractProtocol start
信息: Starting ProtocolHandler ["http-bio-8080"]
三月 13, 2019 11:30:27 上午 org.apache.coyote.AbstractProtocol start
信息: Starting ProtocolHandler ["ajp-bio-8009"]
三月 13, 2019 11:30:27 上午 org.apache.catalina.startup.Catalina start
信息: Server startup in 859 ms
三月 13, 2019 11:30:33 上午 com.mchange.v2.log.MLog <clinit>
信息: MLog clients using java 1.4+ standard logging.
三月 13, 2019 11:30:33 上午 com.mchange.v2.c3p0.C3P0Registry banner
信息: Initializing c3p0-0.9.1.2 [built 21-May-2007 15:04:56; debug? true; trace: 10]
三月 13, 2019 11:30:33 上午 com.mchange.v2.c3p0.impl.AbstractPoolBackedDataSource getPoolManager
信息: Initializing c3p0 pool... com.mchange.v2.c3p0.ComboPooledDataSource [ acquireIncrement -> 3, acquireRetryAttempts -> 30, acquireRetryDelay -> 1000, autoCommitOnClose -> false, automaticTestTable -> null, breakAfterAcquireFailure -> false, checkoutTimeout -> 0, connectionCustomizerClassName -> null, connectionTesterClassName -> com.mchange.v2.c3p0.impl.DefaultConnectionTester, dataSourceName -> 1bqzxexa1whp1int8s8t8|138fec2e, debugUnreturnedConnectionStackTraces -> false, description -> null, driverClass -> com.mysql.jdbc.Driver, factoryClassLocation -> null, forceIgnoreUnresolvedTransactions -> false, identityToken -> 1bqzxexa1whp1int8s8t8|138fec2e, idleConnectionTestPeriod -> 0, initialPoolSize -> 10, jdbcUrl -> jdbc:mysql://localhost/stus, maxAdministrativeTaskTime -> 0, maxConnectionAge -> 0, maxIdleTime -> 30, maxIdleTimeExcessConnections -> 0, maxPoolSize -> 100, maxStatements -> 200, maxStatementsPerConnection -> 0, minPoolSize -> 10, numHelperThreads -> 3, numThreadsAwaitingCheckoutDefaultUser -> 0, preferredTestQuery -> null, properties -> {user=******, password=******}, propertyCycle -> 0, testConnectionOnCheckin -> false, testConnectionOnCheckout -> false, unreturnedConnectionTimeout -> 0, usesTraditionalReflectiveProxies -> false ]
三月 13, 2019 8:13:42 下午 org.apache.catalina.startup.VersionLoggerListener log
信息: Server version:        Apache Tomcat/7.0.92
三月 13, 2019 8:13:42 下午 org.apache.catalina.startup.VersionLoggerListener log
信息: Server built:          Nov 9 2018 11:07:44 UTC
三月 13, 2019 8:13:42 下午 org.apache.catalina.startup.VersionLoggerListener log
信息: Server number:         7.0.92.0
三月 13, 2019 8:13:42 下午 org.apache.catalina.startup.VersionLoggerListener log
信息: OS Name:               Windows 10
三月 13, 2019 8:13:42 下午 org.apache.catalina.startup.VersionLoggerListener log
信息: OS Version:            10.0
三月 13, 2019 8:13:42 下午 org.apache.catalina.startup.VersionLoggerListener log
信息: Architecture:          amd64
三月 13, 2019 8:13:42 下午 org.apache.catalina.startup.VersionLoggerListener log
信息: Java Home:             C:\Program Files\Java\jdk1.8.0_181\jre
三月 13, 2019 8:13:42 下午 org.apache.catalina.startup.VersionLoggerListener log
信息: JVM Version:           1.8.0_181-b13
三月 13, 2019 8:13:42 下午 org.apache.catalina.startup.VersionLoggerListener log
信息: JVM Vendor:            Oracle Corporation
三月 13, 2019 8:13:42 下午 org.apache.catalina.startup.VersionLoggerListener log
信息: CATALINA_BASE:         C:\Users\zp\Documents\GitHub\Study\项目练习\学生管理系统\apache-tomcat-7.0.92
三月 13, 2019 8:13:42 下午 org.apache.catalina.startup.VersionLoggerListener log
信息: CATALINA_HOME:         C:\Users\zp\Documents\GitHub\Study\项目练习\学生管理系统\apache-tomcat-7.0.92
三月 13, 2019 8:13:42 下午 org.apache.catalina.startup.VersionLoggerListener log
信息: Command line argument: -Djava.util.logging.config.file=C:\Users\zp\Documents\GitHub\Study\项目练习\学生管理系统\apache-tomcat-7.0.92\conf\logging.properties
三月 13, 2019 8:13:42 下午 org.apache.catalina.startup.VersionLoggerListener log
信息: Command line argument: -Djava.util.logging.manager=org.apache.juli.ClassLoaderLogManager
三月 13, 2019 8:13:42 下午 org.apache.catalina.startup.VersionLoggerListener log
信息: Command line argument: -Djdk.tls.ephemeralDHKeySize=2048
三月 13, 2019 8:13:42 下午 org.apache.catalina.startup.VersionLoggerListener log
信息: Command line argument: -Dignore.endorsed.dirs=
三月 13, 2019 8:13:42 下午 org.apache.catalina.startup.VersionLoggerListener log
信息: Command line argument: -Dcatalina.base=C:\Users\zp\Documents\GitHub\Study\项目练习\学生管理系统\apache-tomcat-7.0.92
三月 13, 2019 8:13:42 下午 org.apache.catalina.startup.VersionLoggerListener log
信息: Command line argument: -Dcatalina.home=C:\Users\zp\Documents\GitHub\Study\项目练习\学生管理系统\apache-tomcat-7.0.92
三月 13, 2019 8:13:42 下午 org.apache.catalina.startup.VersionLoggerListener log
信息: Command line argument: -Djava.io.tmpdir=C:\Users\zp\Documents\GitHub\Study\项目练习\学生管理系统\apache-tomcat-7.0.92\temp
三月 13, 2019 8:13:42 下午 org.apache.catalina.core.AprLifecycleListener lifecycleEvent
信息: The APR based Apache Tomcat Native library which allows optimal performance in production environments was not found on the java.library.path: C:\Program Files\Java\jdk1.8.0_181\bin;C:\WINDOWS\Sun\Java\bin;C:\WINDOWS\system32;C:\WINDOWS;C:\Program Files (x86)\Common Files\Oracle\Java\javapath;C:\WINDOWS\system32;C:\WINDOWS;C:\WINDOWS\System32\Wbem;C:\WINDOWS\System32\WindowsPowerShell\v1.0\;C:\Program Files\Java\jdk1.8.0_181\bin;C:\Program Files (x86)\AMD\ATI.ACE\Core-Static;C:\WINDOWS\System32\OpenSSH\;E:\Program Files\MySQL\MySQL Server 5.5\bin;C:\Users\zp\AppData\Local\Microsoft\WindowsApps;C:\Users\zp\AppData\Local\GitHubDesktop\bin;%USERPROFILE%\AppData\Local\Microsoft\WindowsApps;;E:\Fiddler;.
三月 13, 2019 8:13:42 下午 org.apache.coyote.AbstractProtocol init
信息: Initializing ProtocolHandler ["http-bio-8080"]
三月 13, 2019 8:13:42 下午 org.apache.coyote.AbstractProtocol init
信息: Initializing ProtocolHandler ["ajp-bio-8009"]
三月 13, 2019 8:13:42 下午 org.apache.catalina.startup.Catalina load
信息: Initialization processed in 487 ms
三月 13, 2019 8:13:42 下午 org.apache.catalina.core.StandardService startInternal
信息: Starting service Catalina
三月 13, 2019 8:13:42 下午 org.apache.catalina.core.StandardEngine startInternal
信息: Starting Servlet Engine: Apache Tomcat/7.0.92
三月 13, 2019 8:13:42 下午 org.apache.catalina.startup.TldConfig execute
信息: At least one JAR was scanned for TLDs yet contained no TLDs. Enable debug logging for this logger for a complete list of JARs that were scanned but no TLDs were found in them. Skipping unneeded JARs during scanning can improve startup time and JSP compilation time.
三月 13, 2019 8:13:42 下午 org.apache.catalina.startup.HostConfig deployDirectory
信息: Deploying web application directory C:\Users\zp\Documents\GitHub\Study\项目练习\学生管理系统\apache-tomcat-7.0.92\webapps\docs
三月 13, 2019 8:13:42 下午 org.apache.catalina.startup.HostConfig deployDirectory
信息: Deployment of web application directory C:\Users\zp\Documents\GitHub\Study\项目练习\学生管理系统\apache-tomcat-7.0.92\webapps\docs has finished in 35 ms
三月 13, 2019 8:13:42 下午 org.apache.catalina.startup.HostConfig deployDirectory
信息: Deploying web application directory C:\Users\zp\Documents\GitHub\Study\项目练习\学生管理系统\apache-tomcat-7.0.92\webapps\examples
三月 13, 2019 8:13:42 下午 org.apache.catalina.startup.HostConfig deployDirectory
信息: Deployment of web application directory C:\Users\zp\Documents\GitHub\Study\项目练习\学生管理系统\apache-tomcat-7.0.92\webapps\examples has finished in 213 ms
三月 13, 2019 8:13:42 下午 org.apache.catalina.startup.HostConfig deployDirectory
信息: Deploying web application directory C:\Users\zp\Documents\GitHub\Study\项目练习\学生管理系统\apache-tomcat-7.0.92\webapps\host-manager
三月 13, 2019 8:13:43 下午 org.apache.catalina.startup.HostConfig deployDirectory
信息: Deployment of web application directory C:\Users\zp\Documents\GitHub\Study\项目练习\学生管理系统\apache-tomcat-7.0.92\webapps\host-manager has finished in 47 ms
三月 13, 2019 8:13:43 下午 org.apache.catalina.startup.HostConfig deployDirectory
信息: Deploying web application directory C:\Users\zp\Documents\GitHub\Study\项目练习\学生管理系统\apache-tomcat-7.0.92\webapps\mail
三月 13, 2019 8:13:43 下午 org.apache.catalina.startup.HostConfig deployDirectory
信息: Deployment of web application directory C:\Users\zp\Documents\GitHub\Study\项目练习\学生管理系统\apache-tomcat-7.0.92\webapps\mail has finished in 35 ms
三月 13, 2019 8:13:43 下午 org.apache.catalina.startup.HostConfig deployDirectory
信息: Deploying web application directory C:\Users\zp\Documents\GitHub\Study\项目练习\学生管理系统\apache-tomcat-7.0.92\webapps\manager
三月 13, 2019 8:13:43 下午 org.apache.catalina.startup.HostConfig deployDirectory
信息: Deployment of web application directory C:\Users\zp\Documents\GitHub\Study\项目练习\学生管理系统\apache-tomcat-7.0.92\webapps\manager has finished in 38 ms
三月 13, 2019 8:13:43 下午 org.apache.catalina.startup.HostConfig deployDirectory
信息: Deploying web application directory C:\Users\zp\Documents\GitHub\Study\项目练习\学生管理系统\apache-tomcat-7.0.92\webapps\ROOT
三月 13, 2019 8:13:43 下午 org.apache.catalina.startup.HostConfig deployDirectory
信息: Deployment of web application directory C:\Users\zp\Documents\GitHub\Study\项目练习\学生管理系统\apache-tomcat-7.0.92\webapps\ROOT has finished in 34 ms
三月 13, 2019 8:13:43 下午 org.apache.coyote.AbstractProtocol start
信息: Starting ProtocolHandler ["http-bio-8080"]
三月 13, 2019 8:13:43 下午 org.apache.coyote.AbstractProtocol start
信息: Starting ProtocolHandler ["ajp-bio-8009"]
三月 13, 2019 8:13:43 下午 org.apache.catalina.startup.Catalina start
信息: Server startup in 1005 ms
三月 13, 2019 8:13:48 下午 com.mchange.v2.log.MLog <clinit>
信息: MLog clients using java 1.4+ standard logging.
三月 13, 2019 8:13:48 下午 com.mchange.v2.c3p0.C3P0Registry banner
信息: Initializing c3p0-0.9.1.2 [built 21-May-2007 15:04:56; debug? true; trace: 10]
三月 13, 2019 8:13:48 下午 com.mchange.v2.c3p0.impl.AbstractPoolBackedDataSource getPoolManager
信息: Initializing c3p0 pool... com.mchange.v2.c3p0.ComboPooledDataSource [ acquireIncrement -> 3, acquireRetryAttempts -> 30, acquireRetryDelay -> 1000, autoCommitOnClose -> false, automaticTestTable -> null, breakAfterAcquireFailure -> false, checkoutTimeout -> 0, connectionCustomizerClassName -> null, connectionTesterClassName -> com.mchange.v2.c3p0.impl.DefaultConnectionTester, dataSourceName -> 1bqzxexa1x0dyb91bw1vqr|6717de79, debugUnreturnedConnectionStackTraces -> false, description -> null, driverClass -> com.mysql.jdbc.Driver, factoryClassLocation -> null, forceIgnoreUnresolvedTransactions -> false, identityToken -> 1bqzxexa1x0dyb91bw1vqr|6717de79, idleConnectionTestPeriod -> 0, initialPoolSize -> 10, jdbcUrl -> jdbc:mysql://localhost/stus, maxAdministrativeTaskTime -> 0, maxConnectionAge -> 0, maxIdleTime -> 30, maxIdleTimeExcessConnections -> 0, maxPoolSize -> 100, maxStatements -> 200, maxStatementsPerConnection -> 0, minPoolSize -> 10, numHelperThreads -> 3, numThreadsAwaitingCheckoutDefaultUser -> 0, preferredTestQuery -> null, properties -> {user=******, password=******}, propertyCycle -> 0, testConnectionOnCheckin -> false, testConnectionOnCheckout -> false, unreturnedConnectionTimeout -> 0, usesTraditionalReflectiveProxies -> false ]
三月 13, 2019 8:13:54 下午 org.apache.jasper.compiler.TldLocationsCache tldScanJar
信息: At least one JAR was scanned for TLDs yet contained no TLDs. Enable debug logging for this logger for a complete list of JARs that were scanned but no TLDs were found in them. Skipping unneeded JARs during scanning can improve startup time and JSP compilation time.
