一月 11, 2019 9:12:12 上午 org.apache.catalina.core.ApplicationContext log
信息: ContextListener: contextInitialized()
一月 11, 2019 9:12:12 上午 org.apache.catalina.core.ApplicationContext log
信息: SessionListener: contextInitialized()
一月 11, 2019 9:12:12 上午 org.apache.catalina.core.ApplicationContext log
信息: ContextListener: attributeAdded('StockTicker', 'async.Stockticker@1c71561e')
一月 11, 2019 9:12:12 上午 org.apache.catalina.core.ApplicationContext log
信息: ContextListener: attributeAdded('org.apache.jasper.compiler.TldLocationsCache', 'org.apache.jasper.compiler.TldLocationsCache@6966f2f3')
一月 11, 2019 9:21:32 上午 org.apache.catalina.core.ApplicationContext log
信息: ContextListener: contextInitialized()
一月 11, 2019 9:21:32 上午 org.apache.catalina.core.ApplicationContext log
信息: SessionListener: contextInitialized()
一月 11, 2019 9:21:32 上午 org.apache.catalina.core.ApplicationContext log
信息: ContextListener: attributeAdded('StockTicker', 'async.Stockticker@586dd3e0')
一月 11, 2019 9:21:32 上午 org.apache.catalina.core.ApplicationContext log
信息: ContextListener: attributeAdded('org.apache.jasper.compiler.TldLocationsCache', 'org.apache.jasper.compiler.TldLocationsCache@1bac51ec')
一月 11, 2019 9:22:57 上午 org.apache.catalina.core.ApplicationContext log
信息: ContextListener: contextInitialized()
一月 11, 2019 9:22:57 上午 org.apache.catalina.core.ApplicationContext log
信息: SessionListener: contextInitialized()
一月 11, 2019 9:22:57 上午 org.apache.catalina.core.ApplicationContext log
信息: ContextListener: attributeAdded('StockTicker', 'async.Stockticker@1c71561e')
一月 11, 2019 9:22:57 上午 org.apache.catalina.core.ApplicationContext log
信息: ContextListener: attributeAdded('org.apache.jasper.compiler.TldLocationsCache', 'org.apache.jasper.compiler.TldLocationsCache@6966f2f3')
一月 11, 2019 9:23:39 上午 org.apache.catalina.core.ApplicationContext log
信息: ContextListener: contextInitialized()
一月 11, 2019 9:23:39 上午 org.apache.catalina.core.ApplicationContext log
信息: SessionListener: contextInitialized()
一月 11, 2019 9:23:39 上午 org.apache.catalina.core.ApplicationContext log
信息: ContextListener: attributeAdded('StockTicker', 'async.Stockticker@393d8ec4')
一月 11, 2019 9:23:39 上午 org.apache.catalina.core.ApplicationContext log
信息: ContextListener: attributeAdded('org.apache.jasper.compiler.TldLocationsCache', 'org.apache.jasper.compiler.TldLocationsCache@3492a2ce')
一月 11, 2019 9:24:07 上午 org.apache.catalina.core.ApplicationContext log
信息: ContextListener: contextInitialized()
一月 11, 2019 9:24:07 上午 org.apache.catalina.core.ApplicationContext log
信息: SessionListener: contextInitialized()
一月 11, 2019 9:24:07 上午 org.apache.catalina.core.ApplicationContext log
信息: ContextListener: attributeAdded('StockTicker', 'async.Stockticker@505a34c1')
一月 11, 2019 9:24:07 上午 org.apache.catalina.core.ApplicationContext log
信息: ContextListener: attributeAdded('org.apache.jasper.compiler.TldLocationsCache', 'org.apache.jasper.compiler.TldLocationsCache@5a09524a')
一月 11, 2019 9:28:46 上午 org.apache.catalina.core.ApplicationContext log
信息: ContextListener: contextInitialized()
一月 11, 2019 9:28:46 上午 org.apache.catalina.core.ApplicationContext log
信息: SessionListener: contextInitialized()
一月 11, 2019 9:28:46 上午 org.apache.catalina.core.ApplicationContext log
信息: ContextListener: attributeAdded('StockTicker', 'async.Stockticker@505a34c1')
一月 11, 2019 9:28:47 上午 org.apache.catalina.core.ApplicationContext log
信息: ContextListener: attributeAdded('org.apache.jasper.compiler.TldLocationsCache', 'org.apache.jasper.compiler.TldLocationsCache@5a09524a')
一月 11, 2019 9:29:21 上午 org.apache.catalina.core.ApplicationContext log
信息: ContextListener: contextInitialized()
一月 11, 2019 9:29:21 上午 org.apache.catalina.core.ApplicationContext log
信息: SessionListener: contextInitialized()
一月 11, 2019 9:29:21 上午 org.apache.catalina.core.ApplicationContext log
信息: ContextListener: attributeAdded('StockTicker', 'async.Stockticker@1c71561e')
一月 11, 2019 9:29:21 上午 org.apache.catalina.core.ApplicationContext log
信息: ContextListener: attributeAdded('org.apache.jasper.compiler.TldLocationsCache', 'org.apache.jasper.compiler.TldLocationsCache@6966f2f3')
一月 11, 2019 9:29:59 上午 org.apache.catalina.core.ApplicationContext log
信息: ContextListener: contextInitialized()
一月 11, 2019 9:29:59 上午 org.apache.catalina.core.ApplicationContext log
信息: SessionListener: contextInitialized()
一月 11, 2019 9:29:59 上午 org.apache.catalina.core.ApplicationContext log
信息: ContextListener: attributeAdded('StockTicker', 'async.Stockticker@505a34c1')
一月 11, 2019 9:29:59 上午 org.apache.catalina.core.ApplicationContext log
信息: ContextListener: attributeAdded('org.apache.jasper.compiler.TldLocationsCache', 'org.apache.jasper.compiler.TldLocationsCache@5a09524a')
一月 11, 2019 9:35:02 上午 org.apache.catalina.core.ApplicationContext log
信息: ContextListener: contextInitialized()
一月 11, 2019 9:35:02 上午 org.apache.catalina.core.ApplicationContext log
信息: SessionListener: contextInitialized()
一月 11, 2019 9:35:02 上午 org.apache.catalina.core.ApplicationContext log
信息: ContextListener: attributeAdded('StockTicker', 'async.Stockticker@1c71561e')
一月 11, 2019 9:35:02 上午 org.apache.catalina.core.ApplicationContext log
信息: ContextListener: attributeAdded('org.apache.jasper.compiler.TldLocationsCache', 'org.apache.jasper.compiler.TldLocationsCache@6966f2f3')
一月 11, 2019 9:49:59 上午 org.apache.catalina.core.ApplicationContext log
信息: ContextListener: contextInitialized()
一月 11, 2019 9:49:59 上午 org.apache.catalina.core.ApplicationContext log
信息: SessionListener: contextInitialized()
一月 11, 2019 9:49:59 上午 org.apache.catalina.core.ApplicationContext log
信息: ContextListener: attributeAdded('StockTicker', 'async.Stockticker@1c71561e')
一月 11, 2019 9:49:59 上午 org.apache.catalina.core.ApplicationContext log
信息: ContextListener: attributeAdded('org.apache.jasper.compiler.TldLocationsCache', 'org.apache.jasper.compiler.TldLocationsCache@6966f2f3')
一月 11, 2019 9:50:22 上午 org.apache.catalina.core.ApplicationContext log
信息: ContextListener: contextInitialized()
一月 11, 2019 9:50:22 上午 org.apache.catalina.core.ApplicationContext log
信息: SessionListener: contextInitialized()
一月 11, 2019 9:50:22 上午 org.apache.catalina.core.ApplicationContext log
信息: ContextListener: attributeAdded('StockTicker', 'async.Stockticker@1c71561e')
一月 11, 2019 9:50:22 上午 org.apache.catalina.core.ApplicationContext log
信息: ContextListener: attributeAdded('org.apache.jasper.compiler.TldLocationsCache', 'org.apache.jasper.compiler.TldLocationsCache@6966f2f3')
一月 11, 2019 9:56:22 上午 org.apache.catalina.core.ApplicationContext log
信息: ContextListener: contextInitialized()
一月 11, 2019 9:56:22 上午 org.apache.catalina.core.ApplicationContext log
信息: SessionListener: contextInitialized()
一月 11, 2019 9:56:22 上午 org.apache.catalina.core.ApplicationContext log
信息: ContextListener: attributeAdded('StockTicker', 'async.Stockticker@505a34c1')
一月 11, 2019 9:56:22 上午 org.apache.catalina.core.ApplicationContext log
信息: ContextListener: attributeAdded('org.apache.jasper.compiler.TldLocationsCache', 'org.apache.jasper.compiler.TldLocationsCache@5a09524a')
一月 11, 2019 9:56:41 上午 org.apache.catalina.core.ApplicationContext log
信息: ContextListener: contextInitialized()
一月 11, 2019 9:56:41 上午 org.apache.catalina.core.ApplicationContext log
信息: SessionListener: contextInitialized()
一月 11, 2019 9:56:41 上午 org.apache.catalina.core.ApplicationContext log
信息: ContextListener: attributeAdded('StockTicker', 'async.Stockticker@393d8ec4')
一月 11, 2019 9:56:41 上午 org.apache.catalina.core.ApplicationContext log
信息: ContextListener: attributeAdded('org.apache.jasper.compiler.TldLocationsCache', 'org.apache.jasper.compiler.TldLocationsCache@3492a2ce')
一月 11, 2019 9:56:44 上午 org.apache.catalina.core.ApplicationContext log
信息: SessionListener: contextDestroyed()
一月 11, 2019 9:56:44 上午 org.apache.catalina.core.ApplicationContext log
信息: ContextListener: contextDestroyed()
一月 11, 2019 9:57:38 上午 org.apache.catalina.core.ApplicationContext log
信息: ContextListener: contextInitialized()
一月 11, 2019 9:57:38 上午 org.apache.catalina.core.ApplicationContext log
信息: SessionListener: contextInitialized()
一月 11, 2019 9:57:38 上午 org.apache.catalina.core.ApplicationContext log
信息: ContextListener: attributeAdded('StockTicker', 'async.Stockticker@1c71561e')
一月 11, 2019 9:57:38 上午 org.apache.catalina.core.ApplicationContext log
信息: ContextListener: attributeAdded('org.apache.jasper.compiler.TldLocationsCache', 'org.apache.jasper.compiler.TldLocationsCache@6966f2f3')
一月 11, 2019 9:57:59 上午 org.apache.catalina.core.ApplicationContext log
信息: ContextListener: contextInitialized()
一月 11, 2019 9:57:59 上午 org.apache.catalina.core.ApplicationContext log
信息: SessionListener: contextInitialized()
一月 11, 2019 9:57:59 上午 org.apache.catalina.core.ApplicationContext log
信息: ContextListener: attributeAdded('StockTicker', 'async.Stockticker@1c71561e')
一月 11, 2019 9:57:59 上午 org.apache.catalina.core.ApplicationContext log
信息: ContextListener: attributeAdded('org.apache.jasper.compiler.TldLocationsCache', 'org.apache.jasper.compiler.TldLocationsCache@6966f2f3')
一月 11, 2019 9:58:28 上午 org.apache.catalina.core.ApplicationContext log
信息: ContextListener: contextInitialized()
一月 11, 2019 9:58:28 上午 org.apache.catalina.core.ApplicationContext log
信息: SessionListener: contextInitialized()
一月 11, 2019 9:58:28 上午 org.apache.catalina.core.ApplicationContext log
信息: ContextListener: attributeAdded('StockTicker', 'async.Stockticker@1c71561e')
一月 11, 2019 9:58:28 上午 org.apache.catalina.core.ApplicationContext log
信息: ContextListener: attributeAdded('org.apache.jasper.compiler.TldLocationsCache', 'org.apache.jasper.compiler.TldLocationsCache@6966f2f3')
一月 11, 2019 10:07:00 上午 org.apache.catalina.core.ApplicationContext log
信息: ContextListener: contextInitialized()
一月 11, 2019 10:07:00 上午 org.apache.catalina.core.ApplicationContext log
信息: SessionListener: contextInitialized()
一月 11, 2019 10:07:00 上午 org.apache.catalina.core.ApplicationContext log
信息: ContextListener: attributeAdded('StockTicker', 'async.Stockticker@586dd3e0')
一月 11, 2019 10:07:00 上午 org.apache.catalina.core.ApplicationContext log
信息: ContextListener: attributeAdded('org.apache.jasper.compiler.TldLocationsCache', 'org.apache.jasper.compiler.TldLocationsCache@1bac51ec')
